2024/06/01 07:47:51.854986 main.go:319: [Info] Daemon has started
2024/06/01 07:53:54.521377 main.go:155: Received signal:  terminated
2024/06/01 07:53:54.521742 fileshare.go:44: [Info] Stopping fileshare
2024/06/01 07:53:54.522029 fileshare.go:46: [Error] failed to stop fileshare on shutdown:  stopping fileshare client: rpc error: code = Unavailable desc = connection error: desc = "transport: Error while dialing: dial unix /tmp/fileshare.sock: connect: no such file or directory"
2024/06/01 07:53:55.022998 main.go:172: Norduser process has stopped
2024/06/01 07:54:08.334769 main.go:319: [Info] Daemon has started
2024/06/01 08:01:38.758762 main.go:155: Received signal:  terminated
2024/06/01 08:01:38.758949 fileshare.go:44: [Info] Stopping fileshare
2024/06/01 08:01:38.759244 fileshare.go:46: [Error] failed to stop fileshare on shutdown:  stopping fileshare client: rpc error: code = Unavailable desc = connection error: desc = "transport: Error while dialing: dial unix /tmp/fileshare.sock: connect: no such file or directory"
2024/06/01 08:01:39.260494 main.go:172: Norduser process has stopped
2024/06/01 08:01:52.393764 main.go:319: [Info] Daemon has started
2024/06/01 08:10:19.570289 main.go:155: Received signal:  terminated
2024/06/01 08:10:19.570492 fileshare.go:44: [Info] Stopping fileshare
2024/06/01 08:10:19.570800 fileshare.go:46: [Error] failed to stop fileshare on shutdown:  stopping fileshare client: rpc error: code = Unavailable desc = connection error: desc = "transport: Error while dialing: dial unix /tmp/fileshare.sock: connect: no such file or directory"
2024/06/01 08:10:20.071610 main.go:172: Norduser process has stopped
2024/06/01 08:10:34.343912 main.go:319: [Info] Daemon has started
2024/06/01 08:18:25.088526 main.go:155: Received signal:  terminated
2024/06/01 08:18:25.088738 fileshare.go:44: [Info] Stopping fileshare
2024/06/01 08:18:25.089023 fileshare.go:46: [Error] failed to stop fileshare on shutdown:  stopping fileshare client: rpc error: code = Unavailable desc = connection error: desc = "transport: Error while dialing: dial unix /tmp/fileshare.sock: connect: no such file or directory"
2024/06/01 08:18:25.589492 main.go:172: Norduser process has stopped
2024/06/01 08:18:41.309631 main.go:319: [Info] Daemon has started
2024/06/01 08:26:04.705733 main.go:155: Received signal:  terminated
2024/06/01 08:26:04.705879 fileshare.go:44: [Info] Stopping fileshare
2024/06/01 08:26:04.706252 fileshare.go:46: [Error] failed to stop fileshare on shutdown:  stopping fileshare client: rpc error: code = Unavailable desc = connection error: desc = "transport: Error while dialing: dial unix /tmp/fileshare.sock: connect: no such file or directory"
2024/06/01 08:26:05.206408 main.go:172: Norduser process has stopped
2024/06/01 08:26:18.311508 main.go:319: [Info] Daemon has started
2024/06/01 08:29:13.255244 main.go:155: Received signal:  terminated
2024/06/01 08:29:13.255423 fileshare.go:44: [Info] Stopping fileshare
2024/06/01 08:29:13.255765 fileshare.go:46: [Error] failed to stop fileshare on shutdown:  stopping fileshare client: rpc error: code = Unavailable desc = connection error: desc = "transport: Error while dialing: dial unix /tmp/fileshare.sock: connect: no such file or directory"
2024/06/01 08:29:13.756527 main.go:172: Norduser process has stopped
2024/06/01 08:29:26.323358 main.go:319: [Info] Daemon has started
2024/06/01 08:32:54.283790 main.go:155: Received signal:  terminated
2024/06/01 08:32:54.284006 fileshare.go:44: [Info] Stopping fileshare
2024/06/01 08:32:54.284390 fileshare.go:46: [Error] failed to stop fileshare on shutdown:  stopping fileshare client: rpc error: code = Unavailable desc = connection error: desc = "transport: Error while dialing: dial unix /tmp/fileshare.sock: connect: no such file or directory"
2024/06/01 08:32:54.785223 main.go:172: Norduser process has stopped
2024/06/01 08:33:07.357829 main.go:319: [Info] Daemon has started
2024/06/01 08:37:37.659571 main.go:155: Received signal:  terminated
2024/06/01 08:37:37.659812 fileshare.go:44: [Info] Stopping fileshare
2024/06/01 08:37:37.660111 fileshare.go:46: [Error] failed to stop fileshare on shutdown:  stopping fileshare client: rpc error: code = Unavailable desc = connection error: desc = "transport: Error while dialing: dial unix /tmp/fileshare.sock: connect: no such file or directory"
2024/06/01 08:37:38.160821 main.go:172: Norduser process has stopped
2024/06/01 08:37:51.276821 main.go:319: [Info] Daemon has started
